2024-12-09 00:53:26.022 [info] Reading sessions from keychain...
2024-12-09 00:53:26.022 [info] Getting sessions for all scopes...
2024-12-09 00:53:26.022 [info] Getting sessions for all scopes...
2024-12-09 00:53:26.022 [info] Getting sessions for all scopes...
2024-12-09 00:53:26.022 [info] Got 0 sessions for ...
2024-12-09 00:53:26.022 [info] Got 0 sessions for ...
2024-12-09 00:53:26.022 [info] Got 0 sessions for ...
2024-12-09 00:53:26.022 [info] Getting sessions for project,read:org,read:user,repo,user:email,workflow...
2024-12-09 00:53:26.022 [info] Got 0 sessions for project,read:org,read:user,repo,user:email,workflow...
2024-12-09 00:53:26.022 [info] Getting sessions for read:user,repo,user:email,workflow...
2024-12-09 00:53:26.022 [info] Got 0 sessions for read:user,repo,user:email,workflow...
2024-12-09 00:53:26.026 [info] Getting sessions for read:user,repo,user:email...
2024-12-09 00:53:26.026 [info] Got 0 sessions for read:user,repo,user:email...
2024-12-09 00:53:26.029 [info] Getting sessions for read:user,repo,user:email,workflow...
2024-12-09 00:53:26.029 [info] Got 0 sessions for read:user,repo,user:email,workflow...
2024-12-09 00:53:26.377 [info] Getting sessions for all scopes...
2024-12-09 00:53:26.377 [info] Got 0 sessions for ...
2024-12-09 00:53:26.474 [info] Getting sessions for read:user,repo,user:email,workflow...
2024-12-09 00:53:26.474 [info] Got 0 sessions for read:user,repo,user:email,workflow...
2024-12-09 00:53:26.495 [info] Getting sessions for read:user,repo,user:email...
2024-12-09 00:53:26.495 [info] Got 0 sessions for read:user,repo,user:email...
